<?xml version="1.0" encoding="UTF-8"?>
<testsuite xmlns:xsi="http://www.w3.org/2001/XMLSchema-instance" xsi:noNamespaceSchemaLocation="https://maven.apache.org/surefire/maven-surefire-plugin/xsd/surefire-test-report.xsd" name="com.frankmoley.lil.learningspring.LearningSpringApplicationTests" time="0.333" tests="1" errors="1" skipped="0" failures="0">
  <properties>
[...]
</properties>
  <testcase name="com.frankmoley.lil.learningspring.LearningSpringApplicationTests" classname="com.frankmoley.lil.learningspring.LearningSpringApplicationTests" time="0.33">
    <error message="Failed to read candidate component class: file [G:\Ex_Files_Learning_Spring_with_Spring_Boot\Exercise Files\CH04\04_05\04_05_end\learning-spring\target\test-classes\com\frankmoley\lil\learningspring\LearningSpringApplicationTests.class]; nested exception is org.springframework.core.NestedIOException: ASM ClassReader failed to parse class file - probably due to a new Java class file version that isn&apos;t supported yet: file [G:\Ex_Files_Learning_Spring_with_Spring_Boot\Exercise Files\CH04\04_05\04_05_end\learning-spring\target\test-classes\com\frankmoley\lil\learningspring\LearningSpringApplicationTests.class]; nested exception is java.lang.IllegalArgumentException: Unsupported class file major version 65" type="org.springframework.beans.factory.BeanDefinitionStoreException">org.springframework.beans.factory.BeanDefinitionStoreException: Failed to read candidate component class: file [G:\Ex_Files_Learning_Spring_with_Spring_Boot\Exercise Files\CH04\04_05\04_05_end\learning-spring\target\test-classes\com\frankmoley\lil\learningspring\LearningSpringApplicationTests.class]; nested exception is org.springframework.core.NestedIOException: ASM ClassReader failed to parse class file - probably due to a new Java class file version that isn't supported yet: file [G:\Ex_Files_Learning_Spring_with_Spring_Boot\Exercise Files\CH04\04_05\04_05_end\learning-spring\target\test-classes\com\frankmoley\lil\learningspring\LearningSpringApplicationTests.class]; nested exception is java.lang.IllegalArgumentException: Unsupported class file major version 65
Caused by: org.springframework.core.NestedIOException: ASM ClassReader failed to parse class file - probably due to a new Java class file version that isn't supported yet: file [G:\Ex_Files_Learning_Spring_with_Spring_Boot\Exercise Files\CH04\04_05\04_05_end\learning-spring\target\test-classes\com\frankmoley\lil\learningspring\LearningSpringApplicationTests.class]; nested exception is java.lang.IllegalArgumentException: Unsupported class file major version 65
Caused by: java.lang.IllegalArgumentException: Unsupported class file major version 65
</error>
    <system-out><![CDATA[16:43:06.160 [main] DEBUG org.springframework.test.context.BootstrapUtils - Instantiating CacheAwareContextLoaderDelegate from class [org.springframework.test.context.cache.DefaultCacheAwareContextLoaderDelegate]
16:43:06.173 [main] DEBUG org.springframework.test.context.BootstrapUtils - Instantiating BootstrapContext using constructor [public org.springframework.test.context.support.DefaultBootstrapContext(java.lang.Class,org.springframework.test.context.CacheAwareContextLoaderDelegate)]
16:43:06.222 [main] DEBUG org.springframework.test.context.BootstrapUtils - Instantiating TestContextBootstrapper for test class [com.frankmoley.lil.learningspring.LearningSpringApplicationTests] from class [org.springframework.boot.test.context.SpringBootTestContextBootstrapper]
16:43:06.235 [main] INFO org.springframework.boot.test.context.SpringBootTestContextBootstrapper - Neither @ContextConfiguration nor @ContextHierarchy found for test class [com.frankmoley.lil.learningspring.LearningSpringApplicationTests], using SpringBootContextLoader
16:43:06.240 [main] DEBUG org.springframework.test.context.support.AbstractContextLoader - Did not detect default resource location for test class [com.frankmoley.lil.learningspring.LearningSpringApplicationTests]: class path resource [com/frankmoley/lil/learningspring/LearningSpringApplicationTests-context.xml] does not exist
16:43:06.240 [main] DEBUG org.springframework.test.context.support.AbstractContextLoader - Did not detect default resource location for test class [com.frankmoley.lil.learningspring.LearningSpringApplicationTests]: class path resource [com/frankmoley/lil/learningspring/LearningSpringApplicationTestsContext.groovy] does not exist
16:43:06.240 [main] INFO org.springframework.test.context.support.AbstractContextLoader - Could not detect default resource locations for test class [com.frankmoley.lil.learningspring.LearningSpringApplicationTests]: no resource found for suffixes {-context.xml, Context.groovy}.
16:43:06.241 [main] INFO org.springframework.test.context.support.AnnotationConfigContextLoaderUtils - Could not detect default configuration classes for test class [com.frankmoley.lil.learningspring.LearningSpringApplicationTests]: LearningSpringApplicationTests does not declare any static, non-private, non-final, nested classes annotated with @Configuration.
16:43:06.329 [main] DEBUG org.springframework.test.context.support.ActiveProfilesUtils - Could not find an 'annotation declaring class' for annotation type [org.springframework.test.context.ActiveProfiles] and class [com.frankmoley.lil.learningspring.LearningSpringApplicationTests]
]]></system-out>
  </testcase>
</testsuite>